<?xml version="1.0" encoding="UTF-8" ?>
<testsuite tests="11" failures="0" name="test.java.ca.queensu.cisc327.AppTest" time="0.025" errors="0" skipped="0">
  <properties>
[...]
</properties>
  <testcase classname="test.java.ca.queensu.cisc327.AppTest" name="R1T1" time="0.018"/>
  <testcase classname="test.java.ca.queensu.cisc327.AppTest" name="R1T2" time="0"/>
  <testcase classname="test.java.ca.queensu.cisc327.AppTest" name="R1T3" time="0.001"/>
  <testcase classname="test.java.ca.queensu.cisc327.AppTest" name="R1T4" time="0.001"/>
  <testcase classname="test.java.ca.queensu.cisc327.AppTest" name="R1T5" time="0.001"/>
  <testcase classname="test.java.ca.queensu.cisc327.AppTest" name="R1T6" time="0"/>
  <testcase classname="test.java.ca.queensu.cisc327.AppTest" name="R1T7" time="0"/>
  <testcase classname="test.java.ca.queensu.cisc327.AppTest" name="R2T1" time="0.001"/>
  <testcase classname="test.java.ca.queensu.cisc327.AppTest" name="R3T1" time="0.001"/>
  <testcase classname="test.java.ca.queensu.cisc327.AppTest" name="R4T1" time="0.001"/>
  <testcase classname="test.java.ca.queensu.cisc327.AppTest" name="R4T2" time="0.001"/>
</testsuite>